2024-12-06 14:23:42,037:35 - Browser Name: chrome
2024-12-06 14:23:46,855:45 - Application URL :https://www.thredup.com/
2024-12-06 14:23:52,734:53 - Multiple user try to login the application
2024-12-06 14:24:10,506:35 - Browser Name: chrome
2024-12-06 14:24:11,997:45 - Application URL :https://www.thredup.com/
2024-12-06 14:24:19,466:53 - Multiple user try to login the application
2024-12-06 16:19:28,089:40 - Browser Name: chrome
2024-12-06 16:19:31,474:50 - Application URL :https://www.thredup.com/
2024-12-06 16:19:37,357:41 - Log in Test Method Running...
2024-12-06 16:25:10,870:40 - Browser Name: chrome
2024-12-06 16:25:13,305:50 - Application URL :https://www.thredup.com/
2024-12-06 16:25:22,205:41 - Log in Test Method Running...
2024-12-06 16:28:14,727:40 - Browser Name: chrome
2024-12-06 16:28:16,902:50 - Application URL :https://www.thredup.com/
2024-12-06 16:28:22,140:41 - Log in Test Method Running...
2024-12-06 16:36:22,845:40 - Browser Name: chrome
2024-12-06 16:36:25,097:50 - Application URL :https://www.thredup.com/
2024-12-06 16:36:30,663:41 - Log in Test Method Running...
2024-12-06 18:39:24,358:39 - Browser Name: chrome
2024-12-06 18:39:29,070:49 - Application URL :https://www.thredup.com/
2024-12-06 18:43:54,522:39 - Browser Name: chrome
2024-12-06 18:43:56,994:49 - Application URL :https://www.thredup.com/
2024-12-06 18:44:04,018:39 - Browser Name: chrome
2024-12-06 18:44:05,622:49 - Application URL :https://www.thredup.com/
2024-12-06 18:44:12,013:39 - Browser Name: chrome
2024-12-06 18:44:13,433:49 - Application URL :https://www.thredup.com/
2024-12-06 18:44:14,241:41 - Log in Test Method Running...
2024-12-06 18:44:28,593:39 - Browser Name: chrome
2024-12-06 18:44:30,149:49 - Application URL :https://www.thredup.com/
2024-12-06 18:44:35,553:39 - Browser Name: chrome
2024-12-06 18:44:36,941:49 - Application URL :https://www.thredup.com/
2024-12-06 18:44:45,695:39 - Browser Name: chrome
2024-12-06 18:44:47,256:49 - Application URL :https://www.thredup.com/
2024-12-06 18:45:03,127:39 - Browser Name: chrome
2024-12-06 18:45:04,592:49 - Application URL :https://www.thredup.com/
2024-12-06 18:45:07,372:53 - Multiple user try to login the application
2024-12-06 18:45:11,006:39 - Browser Name: chrome
2024-12-06 18:45:12,622:49 - Application URL :https://www.thredup.com/
2024-12-06 18:45:32,731:39 - Browser Name: chrome
2024-12-06 18:45:34,395:49 - Application URL :https://www.thredup.com/
2024-12-06 18:45:43,791:39 - Browser Name: chrome
2024-12-06 18:45:45,478:49 - Application URL :https://www.thredup.com/
2024-12-06 18:46:02,096:39 - Browser Name: chrome
2024-12-06 18:46:04,010:49 - Application URL :https://www.thredup.com/
2024-12-06 18:46:39,802:39 - Browser Name: chrome
2024-12-06 18:46:41,340:49 - Application URL :https://www.thredup.com/
2024-12-06 18:46:49,130:39 - Browser Name: chrome
2024-12-06 18:46:50,714:49 - Application URL :https://www.thredup.com/
2024-12-06 18:47:29,118:39 - Browser Name: chrome
2024-12-06 18:47:30,727:49 - Application URL :https://www.thredup.com/
2024-12-06 18:47:38,535:39 - Browser Name: chrome
2024-12-06 18:47:40,108:49 - Application URL :https://www.thredup.com/
2024-12-06 18:48:16,936:39 - Browser Name: chrome
2024-12-06 18:48:18,579:49 - Application URL :https://www.thredup.com/
2024-12-06 18:48:23,893:39 - Browser Name: chrome
2024-12-06 18:48:25,376:49 - Application URL :https://www.thredup.com/
2024-12-06 18:53:24,680:39 - Browser Name: chrome
2024-12-06 18:53:27,330:49 - Application URL :https://www.thredup.com/
2024-12-06 18:53:34,580:39 - Browser Name: chrome
2024-12-06 18:53:36,306:49 - Application URL :https://www.thredup.com/
2024-12-06 18:53:41,452:39 - Browser Name: chrome
2024-12-06 18:53:43,052:49 - Application URL :https://www.thredup.com/
2024-12-06 18:53:43,769:41 - Log in Test Method Running...
2024-12-06 18:53:58,059:39 - Browser Name: chrome
2024-12-06 18:53:59,629:49 - Application URL :https://www.thredup.com/
2024-12-06 18:54:05,217:39 - Browser Name: chrome
2024-12-06 18:54:06,721:49 - Application URL :https://www.thredup.com/
2024-12-06 18:54:13,095:39 - Browser Name: chrome
2024-12-06 18:54:14,767:49 - Application URL :https://www.thredup.com/
2024-12-06 18:54:27,759:39 - Browser Name: chrome
2024-12-06 18:54:29,190:49 - Application URL :https://www.thredup.com/
2024-12-06 18:54:30,301:53 - Multiple user try to login the application
2024-12-06 18:54:50,685:39 - Browser Name: chrome
2024-12-06 18:54:52,185:49 - Application URL :https://www.thredup.com/
2024-12-06 18:55:00,683:53 - Multiple user try to login the application
2024-12-06 18:55:04,099:39 - Browser Name: chrome
2024-12-06 18:55:05,858:49 - Application URL :https://www.thredup.com/
2024-12-06 18:55:11,670:39 - Browser Name: chrome
2024-12-06 18:55:13,097:49 - Application URL :https://www.thredup.com/
2024-12-06 18:55:24,245:39 - Browser Name: chrome
2024-12-06 18:55:26,033:49 - Application URL :https://www.thredup.com/
2024-12-06 18:56:01,404:39 - Browser Name: chrome
2024-12-06 18:56:03,062:49 - Application URL :https://www.thredup.com/
2024-12-06 18:56:13,027:39 - Browser Name: chrome
2024-12-06 18:56:14,578:49 - Application URL :https://www.thredup.com/
2024-12-06 18:56:47,793:39 - Browser Name: chrome
2024-12-06 18:56:49,753:49 - Application URL :https://www.thredup.com/
2024-12-06 18:56:57,170:39 - Browser Name: chrome
2024-12-06 18:56:58,720:49 - Application URL :https://www.thredup.com/
2024-12-06 18:57:38,473:39 - Browser Name: chrome
2024-12-06 18:57:40,061:49 - Application URL :https://www.thredup.com/
2024-12-06 18:57:43,118:39 - Browser Name: chrome
2024-12-06 18:57:44,495:49 - Application URL :https://www.thredup.com/
2024-12-06 19:16:45,348:39 - Browser Name: chrome
2024-12-06 19:16:48,080:49 - Application URL :https://www.thredup.com/
2024-12-06 19:16:49,586:46 - Log in Test Method Running...
2024-12-06 19:17:31,139:39 - Browser Name: chrome
2024-12-06 19:17:33,907:49 - Application URL :https://www.thredup.com/
2024-12-06 19:17:37,654:45 - Log in Test Method Running...
2024-12-09 13:27:01,876:39 - Browser Name: chrome
2024-12-09 13:27:06,945:49 - Application URL :https://www.thredup.com/
2024-12-09 13:27:15,923:39 - Browser Name: chrome
2024-12-09 13:27:17,803:49 - Application URL :https://www.thredup.com/
2024-12-09 13:27:27,101:39 - Browser Name: chrome
2024-12-09 13:27:29,254:49 - Application URL :https://www.thredup.com/
2024-12-09 13:27:29,986:44 - Log in Test Method Running...
2024-12-09 13:27:51,866:39 - Browser Name: chrome
2024-12-09 13:27:53,859:49 - Application URL :https://www.thredup.com/
2024-12-09 13:28:02,517:39 - Browser Name: chrome
2024-12-09 13:28:04,583:49 - Application URL :https://www.thredup.com/
2024-12-09 13:28:12,582:39 - Browser Name: chrome
2024-12-09 13:28:14,804:49 - Application URL :https://www.thredup.com/
2024-12-09 13:28:32,322:39 - Browser Name: chrome
2024-12-09 13:28:34,238:49 - Application URL :https://www.thredup.com/
2024-12-09 13:28:35,004:53 - Multiple user try to login the application
2024-12-09 13:28:56,362:39 - Browser Name: chrome
2024-12-09 13:28:58,470:49 - Application URL :https://www.thredup.com/
2024-12-09 13:29:08,307:53 - Multiple user try to login the application
2024-12-09 13:29:29,291:39 - Browser Name: chrome
2024-12-09 13:29:31,262:49 - Application URL :https://www.thredup.com/
2024-12-09 13:29:42,584:39 - Browser Name: chrome
2024-12-09 13:29:44,740:49 - Application URL :https://www.thredup.com/
2024-12-09 13:29:56,832:39 - Browser Name: chrome
2024-12-09 13:29:59,264:49 - Application URL :https://www.thredup.com/
2024-12-09 13:30:19,499:39 - Browser Name: chrome
2024-12-09 13:30:21,737:49 - Application URL :https://www.thredup.com/
2024-12-09 13:30:37,254:39 - Browser Name: chrome
2024-12-09 13:30:39,466:49 - Application URL :https://www.thredup.com/
2024-12-09 13:30:59,719:39 - Browser Name: chrome
2024-12-09 13:31:03,931:49 - Application URL :https://www.thredup.com/
2024-12-09 13:31:23,544:39 - Browser Name: chrome
2024-12-09 13:31:25,701:49 - Application URL :https://www.thredup.com/
2024-12-09 13:32:11,558:39 - Browser Name: chrome
2024-12-09 13:32:13,655:49 - Application URL :https://www.thredup.com/
2024-12-09 13:32:22,946:39 - Browser Name: chrome
2024-12-09 13:32:24,972:49 - Application URL :https://www.thredup.com/
2024-12-09 16:56:48,028:39 - Browser Name: chrome
2024-12-09 16:56:51,225:49 - Application URL :https://www.thredup.com/
2024-12-09 16:57:00,602:44 - Log in Test Method Running...
2024-12-09 16:58:04,382:39 - Browser Name: chrome
2024-12-09 16:58:06,208:49 - Application URL :https://www.thredup.com/
2024-12-09 16:58:14,552:53 - Multiple user try to login the application
2024-12-09 16:58:33,586:39 - Browser Name: chrome
2024-12-09 16:58:35,357:49 - Application URL :https://www.thredup.com/
2024-12-09 16:58:40,267:53 - Multiple user try to login the application
2024-12-09 16:59:25,202:39 - Browser Name: chrome
2024-12-09 16:59:27,276:49 - Application URL :https://www.thredup.com/
2024-12-09 16:59:33,518:39 - Browser Name: chrome
2024-12-09 16:59:34,808:49 - Application URL :https://www.thredup.com/
2024-12-09 17:00:47,468:39 - Browser Name: chrome
2024-12-09 17:00:49,453:49 - Application URL :https://www.thredup.com/
2024-12-09 17:00:54,160:39 - Browser Name: chrome
2024-12-09 17:00:55,680:49 - Application URL :https://www.thredup.com/
2024-12-09 17:01:06,226:39 - Browser Name: chrome
2024-12-09 17:01:08,048:49 - Application URL :https://www.thredup.com/
2024-12-09 17:01:53,188:39 - Browser Name: chrome
2024-12-09 17:01:55,200:49 - Application URL :https://www.thredup.com/
2024-12-09 17:01:59,859:39 - Browser Name: chrome
2024-12-09 17:02:01,106:49 - Application URL :https://www.thredup.com/
2024-12-09 17:02:06,779:39 - Browser Name: chrome
2024-12-09 17:02:08,310:49 - Application URL :https://www.thredup.com/
2024-12-09 17:02:14,320:44 - Log in Test Method Running...
2024-12-09 17:02:24,145:39 - Browser Name: chrome
2024-12-09 17:02:25,664:49 - Application URL :https://www.thredup.com/
2024-12-09 17:02:34,752:39 - Browser Name: chrome
2024-12-09 17:02:36,429:49 - Application URL :https://www.thredup.com/
2024-12-09 17:02:41,573:39 - Browser Name: chrome
2024-12-09 17:02:43,430:49 - Application URL :https://www.thredup.com/
2024-12-09 17:02:58,802:39 - Browser Name: chrome
2024-12-09 17:03:00,130:49 - Application URL :https://www.thredup.com/
2024-12-09 17:03:05,239:53 - Multiple user try to login the application
2024-12-09 17:03:24,722:39 - Browser Name: chrome
2024-12-09 17:03:26,211:49 - Application URL :https://www.thredup.com/
2024-12-09 17:03:34,757:53 - Multiple user try to login the application
2024-12-09 17:03:54,003:39 - Browser Name: chrome
2024-12-09 17:03:55,475:49 - Application URL :https://www.thredup.com/
2024-12-09 17:04:03,791:39 - Browser Name: chrome
2024-12-09 17:04:05,302:49 - Application URL :https://www.thredup.com/
2024-12-09 17:04:19,043:39 - Browser Name: chrome
2024-12-09 17:04:20,375:49 - Application URL :https://www.thredup.com/
2024-12-09 17:04:50,941:39 - Browser Name: chrome
2024-12-09 17:04:52,687:49 - Application URL :https://www.thredup.com/
2024-12-09 17:04:57,589:39 - Browser Name: chrome
2024-12-09 17:04:59,066:49 - Application URL :https://www.thredup.com/
2024-12-09 17:05:31,415:39 - Browser Name: chrome
2024-12-09 17:05:32,807:49 - Application URL :https://www.thredup.com/
2024-12-09 17:05:40,870:39 - Browser Name: chrome
2024-12-09 17:05:42,720:49 - Application URL :https://www.thredup.com/
2024-12-09 17:05:53,606:39 - Browser Name: chrome
2024-12-09 17:05:55,150:49 - Application URL :https://www.thredup.com/
2024-12-09 17:06:01,490:39 - Browser Name: chrome
2024-12-09 17:06:03,084:49 - Application URL :https://www.thredup.com/
2024-12-09 17:07:16,985:39 - Browser Name: chrome
2024-12-09 17:07:18,970:49 - Application URL :https://www.thredup.com/
2024-12-09 17:12:24,756:39 - Browser Name: chrome
2024-12-09 17:12:26,774:49 - Application URL :https://www.thredup.com/
2024-12-09 17:12:32,750:39 - Browser Name: chrome
2024-12-09 17:12:34,073:49 - Application URL :https://www.thredup.com/
2024-12-09 17:12:42,727:39 - Browser Name: chrome
2024-12-09 17:12:44,247:49 - Application URL :https://www.thredup.com/
2024-12-09 17:13:04,378:39 - Browser Name: chrome
2024-12-09 17:13:05,860:49 - Application URL :https://www.thredup.com/
2024-12-09 17:13:14,740:39 - Browser Name: chrome
2024-12-09 17:13:16,244:49 - Application URL :https://www.thredup.com/
2024-12-09 17:13:20,762:39 - Browser Name: chrome
2024-12-09 17:13:22,211:49 - Application URL :https://www.thredup.com/
2024-12-09 17:13:41,478:39 - Browser Name: chrome
2024-12-09 17:13:44,322:49 - Application URL :https://www.thredup.com/
2024-12-09 17:14:07,494:39 - Browser Name: chrome
2024-12-09 17:14:08,712:49 - Application URL :https://www.thredup.com/
2024-12-09 17:14:15,521:39 - Browser Name: chrome
2024-12-09 17:14:16,730:49 - Application URL :https://www.thredup.com/
2024-12-09 17:14:19,812:44 - Log in Test Method Running...
2024-12-09 17:14:32,890:39 - Browser Name: chrome
2024-12-09 17:14:34,081:49 - Application URL :https://www.thredup.com/
2024-12-09 17:14:37,440:39 - Browser Name: chrome
2024-12-09 17:14:38,716:49 - Application URL :https://www.thredup.com/
2024-12-09 17:14:41,566:39 - Browser Name: chrome
2024-12-09 17:14:43,315:49 - Application URL :https://www.thredup.com/
2024-12-09 17:14:49,588:39 - Browser Name: chrome
2024-12-09 17:14:51,506:49 - Application URL :https://www.thredup.com/
2024-12-09 17:15:07,813:39 - Browser Name: chrome
2024-12-09 17:15:10,275:49 - Application URL :https://www.thredup.com/
2024-12-09 17:15:18,152:39 - Browser Name: chrome
2024-12-09 17:15:19,792:49 - Application URL :https://www.thredup.com/
2024-12-09 17:15:26,504:39 - Browser Name: chrome
2024-12-09 17:15:28,082:49 - Application URL :https://www.thredup.com/
2024-12-09 17:15:48,220:39 - Browser Name: chrome
2024-12-09 17:15:49,931:49 - Application URL :https://www.thredup.com/
2024-12-09 17:15:55,790:39 - Browser Name: chrome
2024-12-09 17:15:57,877:49 - Application URL :https://www.thredup.com/
2024-12-09 17:16:19,127:39 - Browser Name: chrome
2024-12-09 17:16:21,264:49 - Application URL :https://www.thredup.com/
2024-12-09 17:16:32,214:39 - Browser Name: chrome
2024-12-09 17:16:34,178:49 - Application URL :https://www.thredup.com/
2024-12-09 17:16:47,004:39 - Browser Name: chrome
2024-12-09 17:16:48,523:49 - Application URL :https://www.thredup.com/
2024-12-09 17:17:03,386:39 - Browser Name: chrome
2024-12-09 17:17:06,580:49 - Application URL :https://www.thredup.com/
2024-12-09 17:17:33,345:39 - Browser Name: chrome
2024-12-09 17:17:35,087:49 - Application URL :https://www.thredup.com/
2024-12-09 17:17:37,878:39 - Browser Name: chrome
2024-12-09 17:17:40,623:49 - Application URL :https://www.thredup.com/
2024-12-09 17:17:52,087:39 - Browser Name: chrome
2024-12-09 17:17:54,519:49 - Application URL :https://www.thredup.com/
2024-12-09 17:18:14,639:39 - Browser Name: chrome
2024-12-09 17:18:15,997:49 - Application URL :https://www.thredup.com/
2024-12-09 17:18:23,462:39 - Browser Name: chrome
2024-12-09 17:18:25,372:49 - Application URL :https://www.thredup.com/
2024-12-09 17:21:07,801:39 - Browser Name: chrome
2024-12-09 17:21:10,377:49 - Application URL :https://www.thredup.com/
2024-12-09 17:21:21,001:39 - Browser Name: chrome
2024-12-09 17:21:23,005:49 - Application URL :https://www.thredup.com/
2024-12-09 17:21:35,287:39 - Browser Name: chrome
2024-12-09 17:21:36,725:49 - Application URL :https://www.thredup.com/
2024-12-09 17:21:56,865:39 - Browser Name: chrome
2024-12-09 17:21:58,407:49 - Application URL :https://www.thredup.com/
2024-12-09 17:22:02,467:39 - Browser Name: chrome
2024-12-09 17:22:03,986:49 - Application URL :https://www.thredup.com/
2024-12-09 17:22:10,256:39 - Browser Name: chrome
2024-12-09 17:22:11,854:49 - Application URL :https://www.thredup.com/
2024-12-09 17:22:26,181:39 - Browser Name: chrome
2024-12-09 17:22:29,256:49 - Application URL :https://www.thredup.com/
2024-12-09 17:22:41,784:39 - Browser Name: chrome
2024-12-09 17:22:43,557:49 - Application URL :https://www.thredup.com/
2024-12-09 17:22:53,691:39 - Browser Name: chrome
2024-12-09 17:22:55,123:49 - Application URL :https://www.thredup.com/
2024-12-09 17:23:00,603:44 - Log in Test Method Running...
2024-12-09 17:23:18,344:39 - Browser Name: chrome
2024-12-09 17:23:19,499:49 - Application URL :https://www.thredup.com/
2024-12-09 17:23:28,700:39 - Browser Name: chrome
2024-12-09 17:23:30,267:49 - Application URL :https://www.thredup.com/
2024-12-09 17:23:39,442:39 - Browser Name: chrome
2024-12-09 17:23:40,815:49 - Application URL :https://www.thredup.com/
2024-12-09 17:23:52,168:39 - Browser Name: chrome
2024-12-09 17:23:53,389:49 - Application URL :https://www.thredup.com/
2024-12-09 17:24:01,582:53 - Multiple user try to login the application
2024-12-09 17:24:08,291:39 - Browser Name: chrome
2024-12-09 17:24:10,618:49 - Application URL :https://www.thredup.com/
2024-12-09 17:24:17,696:39 - Browser Name: chrome
2024-12-09 17:24:19,210:49 - Application URL :https://www.thredup.com/
2024-12-09 17:24:26,284:39 - Browser Name: chrome
2024-12-09 17:24:27,628:49 - Application URL :https://www.thredup.com/
2024-12-09 17:24:32,654:44 - Log in Test Method Running...
2024-12-09 17:24:50,621:39 - Browser Name: chrome
2024-12-09 17:24:51,784:49 - Application URL :https://www.thredup.com/
2024-12-09 17:25:01,015:39 - Browser Name: chrome
2024-12-09 17:25:02,168:49 - Application URL :https://www.thredup.com/
2024-12-09 17:25:11,521:39 - Browser Name: chrome
2024-12-09 17:25:12,826:49 - Application URL :https://www.thredup.com/
2024-12-09 17:25:39,476:39 - Browser Name: chrome
2024-12-09 17:25:40,651:49 - Application URL :https://www.thredup.com/
2024-12-09 17:25:54,068:53 - Multiple user try to login the application
2024-12-09 17:26:22,392:39 - Browser Name: chrome
2024-12-09 17:26:24,248:49 - Application URL :https://www.thredup.com/
2024-12-09 17:26:28,547:53 - Multiple user try to login the application
2024-12-09 17:26:56,537:39 - Browser Name: chrome
2024-12-09 17:26:58,025:49 - Application URL :https://www.thredup.com/
2024-12-09 17:27:05,448:39 - Browser Name: chrome
2024-12-09 17:27:06,932:49 - Application URL :https://www.thredup.com/
2024-12-09 17:27:27,097:39 - Browser Name: chrome
2024-12-09 17:27:28,620:49 - Application URL :https://www.thredup.com/
2024-12-09 17:27:37,636:39 - Browser Name: chrome
2024-12-09 17:27:39,235:49 - Application URL :https://www.thredup.com/
2024-12-09 18:13:24,830:39 - Browser Name: chrome
2024-12-09 18:13:29,529:49 - Application URL :https://www.thredup.com/
2024-12-09 18:13:40,601:39 - Browser Name: chrome
2024-12-09 18:13:42,244:49 - Application URL :https://www.thredup.com/
2024-12-09 18:13:48,288:39 - Browser Name: chrome
2024-12-09 18:13:49,954:49 - Application URL :https://www.thredup.com/
2024-12-09 18:13:58,586:44 - Log in Test Method Running...
2024-12-09 18:14:18,731:39 - Browser Name: chrome
2024-12-09 18:14:20,298:49 - Application URL :https://www.thredup.com/
2024-12-09 18:14:24,431:39 - Browser Name: chrome
2024-12-09 18:14:25,762:49 - Application URL :https://www.thredup.com/
2024-12-09 18:14:31,198:39 - Browser Name: chrome
2024-12-09 18:14:32,572:49 - Application URL :https://www.thredup.com/
2024-12-09 18:14:55,697:39 - Browser Name: chrome
2024-12-09 18:14:57,122:49 - Application URL :https://www.thredup.com/
2024-12-09 18:15:02,575:53 - Multiple user try to login the application
2024-12-09 18:15:31,839:39 - Browser Name: chrome
2024-12-09 18:15:33,506:49 - Application URL :https://www.thredup.com/
2024-12-09 18:15:38,338:53 - Multiple user try to login the application
2024-12-09 18:16:06,738:39 - Browser Name: chrome
2024-12-09 18:16:08,421:49 - Application URL :https://www.thredup.com/
2024-12-09 18:16:13,912:39 - Browser Name: chrome
2024-12-09 18:16:15,818:49 - Application URL :https://www.thredup.com/
2024-12-09 18:16:23,927:39 - Browser Name: chrome
2024-12-09 18:16:26,062:49 - Application URL :https://www.thredup.com/
2024-12-09 18:17:01,640:39 - Browser Name: chrome
2024-12-09 18:17:03,439:49 - Application URL :https://www.thredup.com/
2024-12-09 18:17:10,260:39 - Browser Name: chrome
2024-12-09 18:17:11,708:49 - Application URL :https://www.thredup.com/
2024-12-09 18:17:49,857:39 - Browser Name: chrome
2024-12-09 18:17:51,800:49 - Application URL :https://www.thredup.com/
2024-12-09 18:17:56,139:39 - Browser Name: chrome
2024-12-09 18:17:57,894:49 - Application URL :https://www.thredup.com/
2024-12-09 18:18:38,085:39 - Browser Name: chrome
2024-12-09 18:18:40,023:49 - Application URL :https://www.thredup.com/
2024-12-09 18:18:49,008:39 - Browser Name: chrome
2024-12-09 18:18:50,709:49 - Application URL :https://www.thredup.com/
2024-12-09 18:19:25,475:39 - Browser Name: chrome
2024-12-09 18:19:27,488:49 - Application URL :https://www.thredup.com/
2024-12-09 18:21:20,718:39 - Browser Name: chrome
2024-12-09 18:21:22,819:49 - Application URL :https://www.thredup.com/
2024-12-09 18:21:29,363:39 - Browser Name: chrome
2024-12-09 18:21:31,391:49 - Application URL :https://www.thredup.com/
2024-12-09 18:21:40,810:39 - Browser Name: chrome
2024-12-09 18:21:42,648:49 - Application URL :https://www.thredup.com/
2024-12-09 18:21:43,280:44 - Log in Test Method Running...
2024-12-09 18:22:04,897:39 - Browser Name: chrome
2024-12-09 18:22:06,220:49 - Application URL :https://www.thredup.com/
2024-12-09 18:22:09,615:39 - Browser Name: chrome
2024-12-09 18:22:11,395:49 - Application URL :https://www.thredup.com/
2024-12-09 18:22:32,724:39 - Browser Name: chrome
2024-12-09 18:22:34,144:49 - Application URL :https://www.thredup.com/
2024-12-09 18:22:43,767:39 - Browser Name: chrome
2024-12-09 18:22:45,349:49 - Application URL :https://www.thredup.com/
2024-12-09 18:22:53,738:39 - Browser Name: chrome
2024-12-09 18:22:55,150:49 - Application URL :https://www.thredup.com/
2024-12-09 18:23:34,825:39 - Browser Name: chrome
2024-12-09 18:23:36,229:49 - Application URL :https://www.thredup.com/
2024-12-09 18:23:42,765:39 - Browser Name: chrome
2024-12-09 18:23:44,213:49 - Application URL :https://www.thredup.com/
2024-12-09 18:24:21,764:39 - Browser Name: chrome
2024-12-09 18:24:23,097:49 - Application URL :https://www.thredup.com/
2024-12-09 18:24:32,212:39 - Browser Name: chrome
2024-12-09 18:24:33,639:49 - Application URL :https://www.thredup.com/
2024-12-09 18:25:18,176:39 - Browser Name: chrome
2024-12-09 18:25:19,528:49 - Application URL :https://www.thredup.com/
2024-12-09 18:25:23,694:39 - Browser Name: chrome
2024-12-09 18:25:25,131:49 - Application URL :https://www.thredup.com/
2024-12-09 18:34:22,451:39 - Browser Name: chrome
2024-12-09 18:34:24,827:49 - Application URL :https://www.thredup.com/
2024-12-09 18:34:30,970:39 - Browser Name: chrome
2024-12-09 18:34:32,593:49 - Application URL :https://www.thredup.com/
2024-12-09 18:34:37,758:39 - Browser Name: chrome
2024-12-09 18:34:39,257:49 - Application URL :https://www.thredup.com/
2024-12-09 18:34:41,897:44 - Log in Test Method Running...
2024-12-09 18:34:59,870:39 - Browser Name: chrome
2024-12-09 18:35:01,158:49 - Application URL :https://www.thredup.com/
2024-12-09 18:35:07,357:39 - Browser Name: chrome
2024-12-09 18:35:08,676:49 - Application URL :https://www.thredup.com/
2024-12-09 18:35:14,370:39 - Browser Name: chrome
2024-12-09 18:35:15,731:49 - Application URL :https://www.thredup.com/
2024-12-09 18:35:35,537:39 - Browser Name: chrome
2024-12-09 18:35:36,806:49 - Application URL :https://www.thredup.com/
2024-12-09 18:35:45,087:53 - Multiple user try to login the application
2024-12-09 18:36:13,384:39 - Browser Name: chrome
2024-12-09 18:36:14,807:49 - Application URL :https://www.thredup.com/
2024-12-09 18:36:23,662:53 - Multiple user try to login the application
2024-12-09 18:36:52,029:39 - Browser Name: chrome
2024-12-09 18:36:53,308:49 - Application URL :https://www.thredup.com/
2024-12-09 18:37:14,723:39 - Browser Name: chrome
2024-12-09 18:37:16,088:49 - Application URL :https://www.thredup.com/
2024-12-09 18:37:26,039:39 - Browser Name: chrome
2024-12-09 18:37:27,321:49 - Application URL :https://www.thredup.com/
2024-12-09 18:38:05,924:39 - Browser Name: chrome
2024-12-09 18:38:07,499:49 - Application URL :https://www.thredup.com/
2024-12-09 18:38:12,406:39 - Browser Name: chrome
2024-12-09 18:38:13,735:49 - Application URL :https://www.thredup.com/
2024-12-09 18:38:51,778:39 - Browser Name: chrome
2024-12-09 18:38:53,807:49 - Application URL :https://www.thredup.com/
2024-12-09 18:39:02,800:39 - Browser Name: chrome
2024-12-09 18:39:04,122:49 - Application URL :https://www.thredup.com/
2024-12-09 18:39:46,020:39 - Browser Name: chrome
2024-12-09 18:39:47,777:49 - Application URL :https://www.thredup.com/
2024-12-09 18:39:57,070:39 - Browser Name: chrome
2024-12-09 18:39:58,306:49 - Application URL :https://www.thredup.com/
2024-12-09 18:41:23,138:39 - Browser Name: chrome
2024-12-09 18:41:25,206:49 - Application URL :https://www.thredup.com/
2024-12-09 18:41:31,233:39 - Browser Name: chrome
2024-12-09 18:41:33,064:49 - Application URL :https://www.thredup.com/
2024-12-09 18:41:37,715:39 - Browser Name: chrome
2024-12-09 18:41:39,254:49 - Application URL :https://www.thredup.com/
2024-12-09 18:41:44,148:44 - Log in Test Method Running...
2024-12-09 18:42:02,418:39 - Browser Name: chrome
2024-12-09 18:42:04,094:49 - Application URL :https://www.thredup.com/
2024-12-09 18:42:13,370:39 - Browser Name: chrome
2024-12-09 18:42:15,179:49 - Application URL :https://www.thredup.com/
2024-12-09 18:42:36,246:39 - Browser Name: chrome
2024-12-09 18:42:37,852:49 - Application URL :https://www.thredup.com/
2024-12-09 18:42:41,758:39 - Browser Name: chrome
2024-12-09 18:42:43,349:49 - Application URL :https://www.thredup.com/
2024-12-09 18:42:51,869:39 - Browser Name: chrome
2024-12-09 18:42:53,299:49 - Application URL :https://www.thredup.com/
2024-12-09 18:43:32,433:39 - Browser Name: chrome
2024-12-09 18:43:33,768:49 - Application URL :https://www.thredup.com/
2024-12-09 18:43:37,782:39 - Browser Name: chrome
2024-12-09 18:43:39,280:49 - Application URL :https://www.thredup.com/
2024-12-09 18:44:08,694:39 - Browser Name: chrome
2024-12-09 18:44:10,922:49 - Application URL :https://www.thredup.com/
2024-12-09 18:44:20,523:39 - Browser Name: chrome
2024-12-09 18:44:22,106:49 - Application URL :https://www.thredup.com/
2024-12-09 18:44:31,411:39 - Browser Name: chrome
2024-12-09 18:44:33,231:49 - Application URL :https://www.thredup.com/
2024-12-09 18:44:33,926:44 - Log in Test Method Running...
2024-12-09 18:44:53,421:39 - Browser Name: chrome
2024-12-09 18:44:54,861:49 - Application URL :https://www.thredup.com/
2024-12-09 18:45:01,136:39 - Browser Name: chrome
2024-12-09 18:45:02,575:49 - Application URL :https://www.thredup.com/
2024-12-09 18:45:24,149:39 - Browser Name: chrome
2024-12-09 18:45:25,711:49 - Application URL :https://www.thredup.com/
2024-12-09 18:45:34,608:39 - Browser Name: chrome
2024-12-09 18:45:36,091:49 - Application URL :https://www.thredup.com/
2024-12-09 18:45:48,407:39 - Browser Name: chrome
2024-12-09 18:45:49,949:49 - Application URL :https://www.thredup.com/
2024-12-09 18:46:33,525:39 - Browser Name: chrome
2024-12-09 18:46:35,025:49 - Application URL :https://www.thredup.com/
2024-12-09 18:46:41,648:39 - Browser Name: chrome
2024-12-09 18:46:43,579:49 - Application URL :https://www.thredup.com/
2024-12-09 18:47:21,677:39 - Browser Name: chrome
2024-12-09 18:47:23,312:49 - Application URL :https://www.thredup.com/
2024-12-09 18:47:29,541:39 - Browser Name: chrome
2024-12-09 18:47:31,475:49 - Application URL :https://www.thredup.com/
2024-12-09 18:48:11,751:39 - Browser Name: chrome
2024-12-09 18:48:13,858:49 - Application URL :https://www.thredup.com/
2024-12-09 18:48:20,528:39 - Browser Name: chrome
2024-12-09 18:48:21,929:49 - Application URL :https://www.thredup.com/
2024-12-09 18:50:59,237:39 - Browser Name: chrome
2024-12-09 18:51:01,757:49 - Application URL :https://www.thredup.com/
2024-12-09 18:51:07,382:39 - Browser Name: chrome
2024-12-09 18:51:09,247:49 - Application URL :https://www.thredup.com/
2024-12-09 18:51:19,560:39 - Browser Name: chrome
2024-12-09 18:51:21,556:49 - Application URL :https://www.thredup.com/
2024-12-09 18:51:24,518:44 - Log in Test Method Running...
2024-12-09 18:51:43,250:39 - Browser Name: chrome
2024-12-09 18:51:45,321:49 - Application URL :https://www.thredup.com/
2024-12-09 18:52:07,406:39 - Browser Name: chrome
2024-12-09 18:52:10,818:49 - Application URL :https://www.thredup.com/
2024-12-09 18:52:18,623:39 - Browser Name: chrome
2024-12-09 18:52:20,393:49 - Application URL :https://www.thredup.com/
2024-12-09 18:52:31,403:39 - Browser Name: chrome
2024-12-09 18:52:34,065:49 - Application URL :https://www.thredup.com/
2024-12-09 18:52:39,902:39 - Browser Name: chrome
2024-12-09 18:52:41,601:49 - Application URL :https://www.thredup.com/
2024-12-09 18:52:47,368:39 - Browser Name: chrome
2024-12-09 18:52:49,452:49 - Application URL :https://www.thredup.com/
2024-12-09 18:52:58,479:44 - Log in Test Method Running...
2024-12-09 18:53:16,942:39 - Browser Name: chrome
2024-12-09 18:53:18,699:49 - Application URL :https://www.thredup.com/
2024-12-09 18:53:23,786:39 - Browser Name: chrome
2024-12-09 18:53:25,688:49 - Application URL :https://www.thredup.com/
2024-12-09 18:53:37,090:39 - Browser Name: chrome
2024-12-09 18:53:38,986:49 - Application URL :https://www.thredup.com/
2024-12-09 18:54:07,300:39 - Browser Name: chrome
2024-12-09 18:54:08,953:49 - Application URL :https://www.thredup.com/
2024-12-09 18:54:09,634:53 - Multiple user try to login the application
2024-12-09 18:54:37,745:39 - Browser Name: chrome
2024-12-09 18:54:39,667:49 - Application URL :https://www.thredup.com/
2024-12-09 18:54:48,612:53 - Multiple user try to login the application
2024-12-09 18:55:17,465:39 - Browser Name: chrome
2024-12-09 18:55:19,417:49 - Application URL :https://www.thredup.com/
2024-12-09 18:55:26,821:39 - Browser Name: chrome
2024-12-09 18:55:28,529:49 - Application URL :https://www.thredup.com/
2024-12-09 18:55:42,972:39 - Browser Name: chrome
2024-12-09 18:55:44,870:49 - Application URL :https://www.thredup.com/
2024-12-09 18:56:05,087:39 - Browser Name: chrome
2024-12-09 18:56:07,205:49 - Application URL :https://www.thredup.com/
2024-12-09 18:56:17,868:39 - Browser Name: chrome
2024-12-09 18:56:19,635:49 - Application URL :https://www.thredup.com/
2024-12-09 18:57:05,471:39 - Browser Name: chrome
2024-12-09 18:57:07,247:49 - Application URL :https://www.thredup.com/
2024-12-09 18:57:15,800:39 - Browser Name: chrome
2024-12-09 18:57:17,292:49 - Application URL :https://www.thredup.com/
2024-12-09 18:57:33,092:39 - Browser Name: chrome
2024-12-09 18:57:34,786:49 - Application URL :https://www.thredup.com/
2024-12-09 18:57:46,402:39 - Browser Name: chrome
2024-12-09 18:57:48,162:49 - Application URL :https://www.thredup.com/
2024-12-09 18:58:16,961:39 - Browser Name: chrome
2024-12-09 18:58:19,242:49 - Application URL :https://www.thredup.com/
2024-12-09 18:58:25,277:39 - Browser Name: chrome
2024-12-09 18:58:26,909:49 - Application URL :https://www.thredup.com/
2024-12-09 18:58:35,748:39 - Browser Name: chrome
2024-12-09 18:58:37,429:49 - Application URL :https://www.thredup.com/
2024-12-09 18:58:45,600:44 - Log in Test Method Running...
2024-12-09 18:58:56,145:39 - Browser Name: chrome
2024-12-09 18:58:57,786:49 - Application URL :https://www.thredup.com/
2024-12-09 18:59:02,247:39 - Browser Name: chrome
2024-12-09 18:59:03,921:49 - Application URL :https://www.thredup.com/
2024-12-09 18:59:08,845:39 - Browser Name: chrome
2024-12-09 18:59:10,248:49 - Application URL :https://www.thredup.com/
2024-12-09 18:59:24,656:39 - Browser Name: chrome
2024-12-09 18:59:26,689:49 - Application URL :https://www.thredup.com/
2024-12-09 18:59:35,976:39 - Browser Name: chrome
2024-12-09 18:59:37,504:49 - Application URL :https://www.thredup.com/
2024-12-09 18:59:42,271:39 - Browser Name: chrome
2024-12-09 18:59:43,841:49 - Application URL :https://www.thredup.com/
2024-12-09 18:59:51,635:44 - Log in Test Method Running...
2024-12-09 19:00:10,097:39 - Browser Name: chrome
2024-12-09 19:00:11,466:49 - Application URL :https://www.thredup.com/
2024-12-09 19:00:15,839:39 - Browser Name: chrome
2024-12-09 19:00:17,656:49 - Application URL :https://www.thredup.com/
2024-12-09 19:00:26,744:39 - Browser Name: chrome
2024-12-09 19:00:28,335:49 - Application URL :https://www.thredup.com/
2024-12-09 19:00:48,894:39 - Browser Name: chrome
2024-12-09 19:00:50,390:49 - Application URL :https://www.thredup.com/
2024-12-09 19:00:56,292:53 - Multiple user try to login the application
2024-12-09 19:01:23,182:39 - Browser Name: chrome
2024-12-09 19:01:24,877:49 - Application URL :https://www.thredup.com/
2024-12-09 19:01:33,036:53 - Multiple user try to login the application
2024-12-09 19:02:00,178:39 - Browser Name: chrome
2024-12-09 19:02:01,671:49 - Application URL :https://www.thredup.com/
2024-12-09 19:02:04,842:39 - Browser Name: chrome
2024-12-09 19:02:06,332:49 - Application URL :https://www.thredup.com/
2024-12-09 19:02:19,948:39 - Browser Name: chrome
2024-12-09 19:02:21,453:49 - Application URL :https://www.thredup.com/
2024-12-09 19:02:57,740:39 - Browser Name: chrome
2024-12-09 19:02:59,465:49 - Application URL :https://www.thredup.com/
2024-12-09 19:03:07,962:39 - Browser Name: chrome
2024-12-09 19:03:09,615:49 - Application URL :https://www.thredup.com/
2024-12-09 19:03:54,116:39 - Browser Name: chrome
2024-12-09 19:03:55,677:49 - Application URL :https://www.thredup.com/
2024-12-09 19:04:00,836:39 - Browser Name: chrome
2024-12-09 19:04:02,330:49 - Application URL :https://www.thredup.com/
2024-12-09 19:04:49,871:39 - Browser Name: chrome
2024-12-09 19:04:51,371:49 - Application URL :https://www.thredup.com/
2024-12-09 19:05:00,367:39 - Browser Name: chrome
2024-12-09 19:05:02,138:49 - Application URL :https://www.thredup.com/
2024-12-09 19:53:46,290:39 - Browser Name: chrome
2024-12-09 19:53:59,804:49 - Application URL :https://www.thredup.com/
2024-12-09 19:54:22,299:39 - Browser Name: chrome
2024-12-09 19:54:24,823:49 - Application URL :https://www.thredup.com/
2024-12-09 19:54:25,694:39 - Browser Name: chrome
2024-12-09 19:54:27,550:49 - Application URL :https://www.thredup.com/
2024-12-09 19:54:30,912:39 - Browser Name: chrome
2024-12-09 19:54:33,051:49 - Application URL :https://www.thredup.com/
2024-12-09 19:54:33,698:39 - Browser Name: chrome
2024-12-09 19:54:36,864:49 - Application URL :https://www.thredup.com/
2024-12-09 19:55:02,871:39 - Browser Name: chrome
2024-12-09 19:55:07,362:49 - Application URL :https://www.thredup.com/
2024-12-09 19:55:27,237:39 - Browser Name: chrome
2024-12-09 19:55:29,682:49 - Application URL :https://www.thredup.com/
2024-12-09 19:55:52,946:39 - Browser Name: chrome
2024-12-09 19:55:54,978:49 - Application URL :https://www.thredup.com/
2024-12-09 19:56:15,399:39 - Browser Name: chrome
2024-12-09 19:56:17,949:49 - Application URL :https://www.thredup.com/
2024-12-09 19:56:43,217:39 - Browser Name: chrome
2024-12-09 19:56:45,709:49 - Application URL :https://www.thredup.com/
2024-12-09 19:57:08,944:39 - Browser Name: chrome
2024-12-09 19:57:11,023:49 - Application URL :https://www.thredup.com/
2024-12-09 19:57:22,411:39 - Browser Name: chrome
2024-12-09 19:57:26,046:49 - Application URL :https://www.thredup.com/
2024-12-09 19:57:47,113:39 - Browser Name: chrome
2024-12-09 19:57:49,984:49 - Application URL :https://www.thredup.com/
2024-12-09 19:58:11,125:39 - Browser Name: chrome
2024-12-09 19:58:15,352:49 - Application URL :https://www.thredup.com/
2024-12-09 19:58:36,101:39 - Browser Name: chrome
2024-12-09 19:58:38,675:49 - Application URL :https://www.thredup.com/
2024-12-09 20:00:39,578:39 - Browser Name: chrome
2024-12-09 20:00:42,743:49 - Application URL :https://www.thredup.com/
2024-12-09 20:01:04,306:39 - Browser Name: chrome
2024-12-09 20:01:06,464:49 - Application URL :https://www.thredup.com/
2024-12-09 20:01:28,807:39 - Browser Name: chrome
2024-12-09 20:01:30,967:49 - Application URL :https://www.thredup.com/
2024-12-09 20:01:31,927:44 - Log in Test Method Running...
2024-12-09 20:01:50,171:39 - Browser Name: chrome
2024-12-09 20:01:52,438:49 - Application URL :https://www.thredup.com/
2024-12-09 20:02:01,151:39 - Browser Name: chrome
2024-12-09 20:02:07,439:39 - Browser Name: chrome
2024-12-09 20:02:10,321:49 - Application URL :https://www.thredup.com/
2024-12-09 20:02:18,710:39 - Browser Name: chrome
2024-12-09 20:02:20,656:49 - Application URL :https://www.thredup.com/
2024-12-09 20:02:41,119:39 - Browser Name: chrome
2024-12-09 20:02:43,521:49 - Application URL :https://www.thredup.com/
2024-12-09 20:02:56,565:39 - Browser Name: chrome
2024-12-09 20:02:58,716:49 - Application URL :https://www.thredup.com/
2024-12-09 20:03:21,672:39 - Browser Name: chrome
2024-12-09 20:03:25,689:49 - Application URL :https://www.thredup.com/
2024-12-09 20:03:41,573:39 - Browser Name: chrome
2024-12-09 20:03:44,481:49 - Application URL :https://www.thredup.com/
2024-12-09 20:03:58,353:39 - Browser Name: chrome
2024-12-09 20:04:00,735:49 - Application URL :https://www.thredup.com/
2024-12-09 20:04:17,117:44 - Log in Test Method Running...
2024-12-09 20:04:40,484:39 - Browser Name: chrome
2024-12-09 20:04:42,865:49 - Application URL :https://www.thredup.com/
2024-12-09 20:05:05,437:39 - Browser Name: chrome
2024-12-09 20:05:08,394:49 - Application URL :https://www.thredup.com/
2024-12-09 20:05:32,184:39 - Browser Name: chrome
2024-12-09 20:05:37,019:49 - Application URL :https://www.thredup.com/
2024-12-09 20:05:57,754:39 - Browser Name: chrome
2024-12-09 20:06:00,371:49 - Application URL :https://www.thredup.com/
2024-12-09 20:47:52,286:39 - Browser Name: chrome
2024-12-09 20:47:58,189:49 - Application URL :https://www.thredup.com/
2024-12-09 20:48:17,086:39 - Browser Name: chrome
2024-12-09 20:48:19,309:49 - Application URL :https://www.thredup.com/
2024-12-09 20:48:39,805:39 - Browser Name: chrome
2024-12-09 20:48:42,375:49 - Application URL :https://www.thredup.com/
2024-12-09 20:49:00,686:39 - Browser Name: chrome
2024-12-09 20:49:02,861:49 - Application URL :https://www.thredup.com/
2024-12-09 20:49:12,458:39 - Browser Name: chrome
2024-12-09 20:49:14,943:49 - Application URL :https://www.thredup.com/
2024-12-09 20:49:37,379:39 - Browser Name: chrome
2024-12-09 20:49:41,366:49 - Application URL :https://www.thredup.com/
2024-12-09 20:49:59,319:39 - Browser Name: chrome
2024-12-09 20:50:01,791:49 - Application URL :https://www.thredup.com/
2024-12-09 20:50:22,307:39 - Browser Name: chrome
2024-12-09 20:50:25,308:49 - Application URL :https://www.thredup.com/
2024-12-09 20:50:52,082:39 - Browser Name: chrome
2024-12-09 20:50:57,955:49 - Application URL :https://www.thredup.com/
2024-12-09 20:51:19,039:39 - Browser Name: chrome
2024-12-09 20:51:21,655:49 - Application URL :https://www.thredup.com/
2024-12-09 20:51:34,539:39 - Browser Name: chrome
2024-12-09 20:51:37,348:49 - Application URL :https://www.thredup.com/
2024-12-09 20:51:50,736:39 - Browser Name: chrome
2024-12-09 20:51:53,668:49 - Application URL :https://www.thredup.com/
2024-12-09 20:52:12,732:39 - Browser Name: chrome
2024-12-09 20:52:14,637:49 - Application URL :https://www.thredup.com/
2024-12-09 20:52:35,046:39 - Browser Name: chrome
2024-12-09 20:52:37,280:49 - Application URL :https://www.thredup.com/
2024-12-09 20:52:52,943:39 - Browser Name: chrome
2024-12-09 20:52:55,242:49 - Application URL :https://www.thredup.com/
2024-12-09 20:52:58,972:39 - Browser Name: chrome
2024-12-09 20:53:01,265:49 - Application URL :https://www.thredup.com/
2024-12-09 21:02:10,805:39 - Browser Name: chrome
2024-12-09 21:02:42,415:49 - Application URL :https://www.thredup.com/
2024-12-09 21:03:04,641:39 - Browser Name: chrome
2024-12-09 21:03:06,821:49 - Application URL :https://www.thredup.com/
2024-12-09 21:03:27,259:39 - Browser Name: chrome
2024-12-09 21:03:29,722:49 - Application URL :https://www.thredup.com/
2024-12-09 21:03:45,315:39 - Browser Name: chrome
2024-12-09 21:03:47,701:49 - Application URL :https://www.thredup.com/
2024-12-09 22:15:29,534:39 - Browser Name: chrome
2024-12-09 22:15:36,798:49 - Application URL :https://www.thredup.com/
2024-12-09 22:15:45,150:39 - Browser Name: chrome
2024-12-09 22:15:47,218:49 - Application URL :https://www.thredup.com/
2024-12-09 22:15:52,721:39 - Browser Name: chrome
2024-12-09 22:15:54,751:49 - Application URL :https://www.thredup.com/
2024-12-09 22:15:55,896:44 - Log in Test Method Running...
2024-12-09 22:16:27,383:39 - Browser Name: chrome
2024-12-09 22:16:29,560:49 - Application URL :https://www.thredup.com/
2024-12-09 22:16:52,708:39 - Browser Name: chrome
2024-12-09 22:16:55,622:49 - Application URL :https://www.thredup.com/
2024-12-09 22:17:15,958:39 - Browser Name: chrome
2024-12-09 22:18:20,346:39 - Browser Name: chrome
2024-12-09 22:18:23,661:49 - Application URL :https://www.thredup.com/
2024-12-09 22:18:31,091:39 - Browser Name: chrome
2024-12-09 22:18:33,543:49 - Application URL :https://www.thredup.com/
2024-12-09 22:18:40,141:39 - Browser Name: chrome
2024-12-09 22:18:42,105:49 - Application URL :https://www.thredup.com/
2024-12-09 22:18:46,185:44 - Log in Test Method Running...
2024-12-09 22:19:08,748:39 - Browser Name: chrome
2024-12-09 22:19:10,717:49 - Application URL :https://www.thredup.com/
2024-12-09 22:19:16,361:39 - Browser Name: chrome
2024-12-09 22:19:18,581:49 - Application URL :https://www.thredup.com/
2024-12-09 22:19:41,193:39 - Browser Name: chrome
2024-12-09 22:19:44,205:49 - Application URL :https://www.thredup.com/
2024-12-09 22:19:56,075:39 - Browser Name: chrome
2024-12-09 22:21:28,060:39 - Browser Name: chrome
2024-12-09 22:21:31,231:49 - Application URL :https://www.thredup.com/
2024-12-09 22:21:52,601:39 - Browser Name: chrome
2024-12-09 22:21:55,356:49 - Application URL :https://www.thredup.com/
2024-12-09 22:22:04,164:39 - Browser Name: chrome
2024-12-09 22:22:06,869:49 - Application URL :https://www.thredup.com/
2024-12-09 22:22:30,450:39 - Browser Name: chrome
2024-12-09 22:22:34,395:49 - Application URL :https://www.thredup.com/
2024-12-09 22:22:56,352:39 - Browser Name: chrome
2024-12-09 22:22:59,638:49 - Application URL :https://www.thredup.com/
2024-12-09 22:24:22,255:39 - Browser Name: chrome
2024-12-09 22:24:25,457:49 - Application URL :https://www.thredup.com/
2024-12-09 22:24:32,223:39 - Browser Name: chrome
2024-12-09 22:24:34,388:49 - Application URL :https://www.thredup.com/
2024-12-09 22:24:40,677:39 - Browser Name: chrome
2024-12-09 22:24:42,669:49 - Application URL :https://www.thredup.com/
2024-12-09 22:25:03,560:39 - Browser Name: chrome
2024-12-09 22:25:05,878:49 - Application URL :https://www.thredup.com/
2024-12-09 22:25:32,449:39 - Browser Name: chrome
2024-12-09 22:25:40,261:49 - Application URL :https://www.thredup.com/
2024-12-09 22:27:02,516:39 - Browser Name: chrome
2024-12-09 22:27:05,432:49 - Application URL :https://www.thredup.com/
2024-12-09 22:27:26,936:39 - Browser Name: chrome
2024-12-09 22:27:29,223:49 - Application URL :https://www.thredup.com/
2024-12-09 22:27:43,956:39 - Browser Name: chrome
2024-12-09 22:27:46,104:49 - Application URL :https://www.thredup.com/
2024-12-09 22:28:46,298:39 - Browser Name: chrome
2024-12-09 22:28:49,593:49 - Application URL :https://www.thredup.com/
2024-12-09 22:35:59,270:39 - Browser Name: chrome
2024-12-09 22:36:03,837:49 - Application URL :https://www.thredup.com/
2024-12-09 22:36:28,063:39 - Browser Name: chrome
2024-12-09 22:36:30,021:49 - Application URL :https://www.thredup.com/
2024-12-09 22:38:04,404:39 - Browser Name: chrome
2024-12-09 22:38:07,476:49 - Application URL :https://www.thredup.com/
2024-12-09 22:41:25,095:39 - Browser Name: chrome
2024-12-09 22:41:28,464:49 - Application URL :https://www.thredup.com/
2024-12-09 22:43:20,344:39 - Browser Name: chrome
2024-12-09 22:43:23,711:49 - Application URL :https://www.thredup.com/
2024-12-09 22:43:25,992:44 - Log in Test Method Running...
2024-12-09 22:47:52,090:39 - Browser Name: chrome
2024-12-09 22:47:55,810:49 - Application URL :https://www.thredup.com/
2024-12-09 22:48:06,689:39 - Browser Name: chrome
2024-12-09 22:48:08,983:49 - Application URL :https://www.thredup.com/
2024-12-09 22:48:29,666:39 - Browser Name: chrome
2024-12-09 22:48:33,177:49 - Application URL :https://www.thredup.com/
2024-12-09 22:48:46,143:39 - Browser Name: chrome
2024-12-09 22:48:48,685:49 - Application URL :https://www.thredup.com/
2024-12-09 22:48:55,362:39 - Browser Name: chrome
2024-12-09 22:48:57,620:49 - Application URL :https://www.thredup.com/
2024-12-09 22:49:23,503:39 - Browser Name: chrome
2024-12-09 22:49:26,065:49 - Application URL :https://www.thredup.com/
2024-12-09 22:49:28,055:39 - Browser Name: chrome
2024-12-09 22:49:30,399:49 - Application URL :https://www.thredup.com/
2024-12-09 22:49:31,721:39 - Browser Name: chrome
2024-12-09 22:53:55,340:39 - Browser Name: chrome
2024-12-09 22:53:57,375:49 - Application URL :https://www.thredup.com/
2024-12-09 22:54:17,736:39 - Browser Name: chrome
2024-12-09 22:54:18,993:49 - Application URL :https://www.thredup.com/
2024-12-09 22:54:31,861:39 - Browser Name: chrome
2024-12-09 22:54:34,011:49 - Application URL :https://www.thredup.com/
2024-12-09 22:54:44,658:39 - Browser Name: chrome
2024-12-09 22:54:46,816:49 - Application URL :https://www.thredup.com/
2024-12-09 22:55:07,391:39 - Browser Name: chrome
2024-12-09 22:55:08,597:49 - Application URL :https://www.thredup.com/
2024-12-09 22:59:35,335:39 - Browser Name: chrome
2024-12-09 22:59:37,341:49 - Application URL :https://www.thredup.com/
2024-12-09 22:59:43,421:39 - Browser Name: chrome
2024-12-09 22:59:44,960:49 - Application URL :https://www.thredup.com/
2024-12-09 22:59:48,633:39 - Browser Name: chrome
2024-12-09 22:59:50,318:49 - Application URL :https://www.thredup.com/
2024-12-09 22:59:53,329:44 - Log in Test Method Running...
2024-12-09 23:00:25,824:39 - Browser Name: chrome
2024-12-09 23:00:27,344:49 - Application URL :https://www.thredup.com/
2024-12-09 23:00:48,854:39 - Browser Name: chrome
2024-12-09 23:00:50,470:49 - Application URL :https://www.thredup.com/
2024-12-09 23:00:53,936:39 - Browser Name: chrome
2024-12-09 23:00:55,397:49 - Application URL :https://www.thredup.com/
2024-12-09 23:01:25,274:39 - Browser Name: chrome
2024-12-09 23:01:26,427:49 - Application URL :https://www.thredup.com/
2024-12-09 23:01:46,712:39 - Browser Name: chrome
2024-12-09 23:01:48,277:49 - Application URL :https://www.thredup.com/
2024-12-09 23:01:53,061:39 - Browser Name: chrome
2024-12-09 23:01:54,616:49 - Application URL :https://www.thredup.com/
2024-12-09 23:02:03,574:39 - Browser Name: chrome
2024-12-09 23:02:04,754:49 - Application URL :https://www.thredup.com/
2024-12-09 23:02:39,349:39 - Browser Name: chrome
2024-12-09 23:02:43,861:39 - Browser Name: chrome
2024-12-09 23:02:45,839:49 - Application URL :https://www.thredup.com/
2024-12-09 23:03:06,487:39 - Browser Name: chrome
2024-12-09 23:03:07,866:49 - Application URL :https://www.thredup.com/
2024-12-09 23:03:31,593:39 - Browser Name: chrome
2024-12-09 23:03:34,023:49 - Application URL :https://www.thredup.com/
2024-12-09 23:03:39,402:39 - Browser Name: chrome
2024-12-09 23:03:40,847:49 - Application URL :https://www.thredup.com/
2024-12-09 23:04:01,290:39 - Browser Name: chrome
2024-12-09 23:04:03,127:49 - Application URL :https://www.thredup.com/
2024-12-09 23:04:09,318:39 - Browser Name: chrome
2024-12-09 23:04:11,273:49 - Application URL :https://www.thredup.com/
2024-12-09 23:04:30,945:39 - Browser Name: chrome
2024-12-09 23:04:33,855:49 - Application URL :https://www.thredup.com/
2024-12-09 23:04:42,882:39 - Browser Name: chrome
2024-12-09 23:04:45,068:49 - Application URL :https://www.thredup.com/
2024-12-09 23:05:05,572:39 - Browser Name: chrome
2024-12-09 23:05:07,237:49 - Application URL :https://www.thredup.com/
2024-12-09 23:05:28,571:39 - Browser Name: chrome
2024-12-09 23:05:30,436:49 - Application URL :https://www.thredup.com/
2024-12-09 23:05:37,817:39 - Browser Name: chrome
2024-12-09 23:05:39,382:49 - Application URL :https://www.thredup.com/
2024-12-10 09:43:22,710:39 - Browser Name: chrome
2024-12-10 09:43:28,843:49 - Application URL :https://www.thredup.com/
2024-12-10 09:43:38,637:39 - Browser Name: chrome
2024-12-10 09:43:39,981:49 - Application URL :https://www.thredup.com/
2024-12-10 09:43:53,053:39 - Browser Name: chrome
2024-12-10 09:43:58,474:49 - Application URL :https://www.thredup.com/
2024-12-10 09:44:10,127:44 - Log in Test Method Running...
2024-12-10 09:44:26,668:39 - Browser Name: chrome
2024-12-10 09:44:28,545:49 - Application URL :https://www.thredup.com/
2024-12-10 09:44:34,529:39 - Browser Name: chrome
2024-12-10 09:44:36,232:49 - Application URL :https://www.thredup.com/
2024-12-10 09:44:42,192:39 - Browser Name: chrome
2024-12-10 09:44:43,951:49 - Application URL :https://www.thredup.com/
2024-12-10 09:45:15,453:39 - Browser Name: chrome
2024-12-10 09:45:16,656:49 - Application URL :https://www.thredup.com/
2024-12-10 09:45:19,216:53 - Multiple user try to login the application
2024-12-10 09:45:49,651:39 - Browser Name: chrome
2024-12-10 09:45:51,136:49 - Application URL :https://www.thredup.com/
2024-12-10 09:45:51,890:53 - Multiple user try to login the application
2024-12-10 09:46:26,448:39 - Browser Name: chrome
2024-12-10 09:46:27,986:49 - Application URL :https://www.thredup.com/
2024-12-10 09:46:36,575:39 - Browser Name: chrome
2024-12-10 09:46:38,021:49 - Application URL :https://www.thredup.com/
2024-12-10 09:46:46,074:39 - Browser Name: chrome
2024-12-10 09:46:47,487:49 - Application URL :https://www.thredup.com/
2024-12-10 09:47:18,634:39 - Browser Name: chrome
2024-12-10 09:47:20,045:49 - Application URL :https://www.thredup.com/
2024-12-10 09:47:22,870:39 - Browser Name: chrome
2024-12-10 09:47:24,457:49 - Application URL :https://www.thredup.com/
2024-12-10 09:48:02,341:39 - Browser Name: chrome
2024-12-10 09:48:03,633:49 - Application URL :https://www.thredup.com/
2024-12-10 09:48:09,925:39 - Browser Name: chrome
2024-12-10 09:48:11,431:49 - Application URL :https://www.thredup.com/
2024-12-10 09:48:27,766:39 - Browser Name: chrome
2024-12-10 09:48:29,025:49 - Application URL :https://www.thredup.com/
2024-12-10 09:48:35,572:39 - Browser Name: chrome
2024-12-10 09:48:37,311:49 - Application URL :https://www.thredup.com/
2024-12-10 09:51:35,920:39 - Browser Name: chrome
2024-12-10 09:51:37,852:49 - Application URL :https://www.thredup.com/
2024-12-10 09:53:39,131:39 - Browser Name: chrome
2024-12-10 09:53:41,330:49 - Application URL :https://www.thredup.com/
2024-12-10 09:53:46,433:39 - Browser Name: chrome
2024-12-10 09:53:47,573:49 - Application URL :https://www.thredup.com/
2024-12-10 09:54:08,874:39 - Browser Name: chrome
2024-12-10 09:54:10,334:49 - Application URL :https://www.thredup.com/
2024-12-10 09:54:13,937:44 - Log in Test Method Running...
2024-12-10 09:54:31,511:39 - Browser Name: chrome
2024-12-10 09:54:33,122:49 - Application URL :https://www.thredup.com/
2024-12-10 09:54:41,640:39 - Browser Name: chrome
2024-12-10 09:54:43,043:49 - Application URL :https://www.thredup.com/
2024-12-10 09:54:47,120:39 - Browser Name: chrome
2024-12-10 09:54:48,512:49 - Application URL :https://www.thredup.com/
2024-12-10 09:55:12,274:39 - Browser Name: chrome
2024-12-10 09:55:13,469:49 - Application URL :https://www.thredup.com/
2024-12-10 09:55:16,285:53 - Multiple user try to login the application
2024-12-10 09:55:46,293:39 - Browser Name: chrome
2024-12-10 09:55:47,727:49 - Application URL :https://www.thredup.com/
2024-12-10 09:55:52,574:53 - Multiple user try to login the application
2024-12-10 09:56:22,637:39 - Browser Name: chrome
2024-12-10 09:56:24,056:49 - Application URL :https://www.thredup.com/
2024-12-10 09:56:29,775:39 - Browser Name: chrome
2024-12-10 09:56:31,401:49 - Application URL :https://www.thredup.com/
2024-12-10 09:56:42,810:39 - Browser Name: chrome
2024-12-10 09:56:44,154:49 - Application URL :https://www.thredup.com/
2024-12-10 09:57:20,105:39 - Browser Name: chrome
2024-12-10 09:57:21,393:49 - Application URL :https://www.thredup.com/
2024-12-10 09:57:26,338:39 - Browser Name: chrome
2024-12-10 09:57:27,614:49 - Application URL :https://www.thredup.com/
2024-12-10 09:58:04,882:39 - Browser Name: chrome
2024-12-10 09:58:06,339:49 - Application URL :https://www.thredup.com/
2024-12-10 09:58:10,295:39 - Browser Name: chrome
2024-12-10 09:58:11,532:49 - Application URL :https://www.thredup.com/
2024-12-10 09:58:55,321:39 - Browser Name: chrome
2024-12-10 09:58:56,999:49 - Application URL :https://www.thredup.com/
2024-12-10 09:59:02,317:39 - Browser Name: chrome
2024-12-10 09:59:03,401:49 - Application URL :https://www.thredup.com/
2024-12-10 14:59:51,908:39 - Browser Name: chrome
2024-12-10 14:59:57,525:49 - Application URL :https://www.thredup.com/
2024-12-10 15:00:07,537:39 - Browser Name: chrome
2024-12-10 15:00:09,812:49 - Application URL :https://www.thredup.com/
2024-12-10 15:00:19,572:39 - Browser Name: chrome
2024-12-10 15:00:21,734:49 - Application URL :https://www.thredup.com/
2024-12-10 15:00:27,810:44 - Log in Test Method Running...
2024-12-10 15:00:47,643:39 - Browser Name: chrome
2024-12-10 15:00:49,780:49 - Application URL :https://www.thredup.com/
2024-12-10 15:00:57,943:39 - Browser Name: chrome
2024-12-10 15:00:59,907:49 - Application URL :https://www.thredup.com/
2024-12-10 15:01:22,196:39 - Browser Name: chrome
2024-12-10 15:01:24,622:49 - Application URL :https://www.thredup.com/
2024-12-10 15:01:37,235:39 - Browser Name: chrome
2024-12-10 15:01:40,100:49 - Application URL :https://www.thredup.com/
2024-12-10 15:01:51,569:39 - Browser Name: chrome
2024-12-10 15:01:53,596:49 - Application URL :https://www.thredup.com/
2024-12-10 15:02:37,438:39 - Browser Name: chrome
2024-12-10 15:02:39,624:49 - Application URL :https://www.thredup.com/
2024-12-10 15:02:50,502:39 - Browser Name: chrome
2024-12-10 15:02:52,499:49 - Application URL :https://www.thredup.com/
2024-12-10 15:03:40,520:39 - Browser Name: chrome
2024-12-10 15:03:42,935:49 - Application URL :https://www.thredup.com/
2024-12-10 15:03:54,539:39 - Browser Name: chrome
2024-12-10 15:03:56,690:49 - Application URL :https://www.thredup.com/
2024-12-10 15:05:02,406:39 - Browser Name: chrome
2024-12-10 15:05:04,433:49 - Application URL :https://www.thredup.com/
2024-12-10 15:05:10,304:39 - Browser Name: chrome
2024-12-10 15:05:12,596:49 - Application URL :https://www.thredup.com/
2024-12-10 15:54:27,426:39 - Browser Name: chrome
2024-12-10 15:54:30,999:49 - Application URL :https://www.thredup.com/
2024-12-10 15:54:41,475:39 - Browser Name: chrome
2024-12-10 15:54:43,608:49 - Application URL :https://www.thredup.com/
2024-12-10 15:54:51,594:39 - Browser Name: chrome
2024-12-10 15:54:53,772:49 - Application URL :https://www.thredup.com/
2024-12-10 15:54:54,508:44 - Log in Test Method Running...
2024-12-10 15:55:31,938:39 - Browser Name: chrome
2024-12-10 15:55:34,571:49 - Application URL :https://www.thredup.com/
2024-12-10 15:55:46,858:39 - Browser Name: chrome
2024-12-10 15:55:49,429:49 - Application URL :https://www.thredup.com/
2024-12-10 15:55:59,367:39 - Browser Name: chrome
2024-12-10 15:56:01,888:49 - Application URL :https://www.thredup.com/
2024-12-10 15:56:20,316:39 - Browser Name: chrome
2024-12-10 15:56:22,361:49 - Application URL :https://www.thredup.com/
2024-12-10 15:56:32,452:53 - Multiple user try to login the application
2024-12-10 15:57:07,283:39 - Browser Name: chrome
2024-12-10 15:57:09,240:49 - Application URL :https://www.thredup.com/
2024-12-10 15:57:09,996:53 - Multiple user try to login the application
2024-12-10 15:57:46,464:39 - Browser Name: chrome
2024-12-10 15:57:48,650:49 - Application URL :https://www.thredup.com/
2024-12-10 15:57:57,625:39 - Browser Name: chrome
2024-12-10 15:57:59,655:49 - Application URL :https://www.thredup.com/
2024-12-10 15:58:19,960:39 - Browser Name: chrome
2024-12-10 15:58:22,147:49 - Application URL :https://www.thredup.com/
2024-12-10 15:58:38,121:39 - Browser Name: chrome
2024-12-10 15:58:40,232:49 - Application URL :https://www.thredup.com/
2024-12-10 15:59:24,801:39 - Browser Name: chrome
2024-12-10 15:59:26,994:49 - Application URL :https://www.thredup.com/
2024-12-10 15:59:34,477:39 - Browser Name: chrome
2024-12-10 15:59:36,267:49 - Application URL :https://www.thredup.com/
2024-12-10 16:00:23,198:39 - Browser Name: chrome
2024-12-10 16:00:26,159:49 - Application URL :https://www.thredup.com/
2024-12-10 16:00:34,837:39 - Browser Name: chrome
2024-12-10 16:00:36,679:49 - Application URL :https://www.thredup.com/
